2025-07-03 16:30:29 [INFO] [logger.go.130] [github.com/watchman1989/steez/comm.Init] [defs.go.45] init over
2025-07-03 16:30:29 [INFO] [logger.go.130] [github.com/watchman1989/steez/jobs.(*JobManager).addJob] [jobs_manager.go.85] add job sdnList success
2025-07-03 16:45:41 [INFO] [logger.go.130] [github.com/watchman1989/steez/comm.Init] [defs.go.45] init over
2025-07-03 16:45:41 [INFO] [logger.go.130] [github.com/watchman1989/steez/jobs.(*JobManager).addJob] [jobs_manager.go.85] add job sdnList success
2025-07-03 16:45:51 [INFO] [logger.go.130] [github.com/watchman1989/steez/jobs.(*SdnListJob).Run] [jobs_manager.go.92] sdn list job run start at 2025-07-03 16:45:51
2025-07-03 16:45:51 [INFO] [logger.go.130] [github.com/watchman1989/steez/jobs.(*SdnListJob).Run] [jobs_manager.go.94] sdn list job run end at 2025-07-03 16:45:51
2025-07-03 16:45:51 [INFO] [logger.go.130] [github.com/watchman1989/steez/jobs.(*JobManager).run] [jobs_manager.go.45] job sdnList is running
2025-07-03 16:46:01 [INFO] [logger.go.130] [github.com/watchman1989/steez/jobs.(*JobManager).run] [jobs_manager.go.45] job sdnList is running
2025-07-03 16:46:01 [INFO] [logger.go.130] [github.com/watchman1989/steez/jobs.(*SdnListJob).Run] [jobs_manager.go.92] sdn list job run start at 2025-07-03 16:46:01
2025-07-03 16:46:01 [INFO] [logger.go.130] [github.com/watchman1989/steez/jobs.(*SdnListJob).Run] [jobs_manager.go.94] sdn list job run end at 2025-07-03 16:46:01
2025-07-03 16:46:08 [INFO] [logger.go.130] [github.com/watchman1989/steez/comm.Init] [defs.go.45] init over
2025-07-03 16:46:08 [INFO] [logger.go.130] [github.com/watchman1989/steez/jobs.(*JobManager).addJob] [jobs_manager.go.85] add job sdnList success
2025-07-03 16:46:18 [INFO] [logger.go.130] [github.com/watchman1989/steez/jobs.(*JobManager).run] [jobs_manager.go.45] job sdnList is running
2025-07-03 16:46:18 [INFO] [logger.go.130] [github.com/watchman1989/steez/jobs.(*SdnListJob).Run] [jobs_manager.go.92] sdn list job run start at 2025-07-03 16:46:18
2025-07-03 16:46:18 [INFO] [logger.go.130] [github.com/watchman1989/steez/jobs.(*SdnListJob).Run] [jobs_manager.go.94] sdn list job run end at 2025-07-03 16:46:18
2025-07-03 16:46:28 [INFO] [logger.go.130] [github.com/watchman1989/steez/jobs.(*JobManager).run] [jobs_manager.go.45] job sdnList is running
2025-07-03 16:46:28 [INFO] [logger.go.130] [github.com/watchman1989/steez/jobs.(*SdnListJob).Run] [jobs_manager.go.92] sdn list job run start at 2025-07-03 16:46:28
2025-07-03 16:46:28 [INFO] [logger.go.130] [github.com/watchman1989/steez/jobs.(*SdnListJob).Run] [jobs_manager.go.94] sdn list job run end at 2025-07-03 16:46:28
2025-07-03 16:46:38 [INFO] [logger.go.130] [github.com/watchman1989/steez/jobs.(*JobManager).run] [jobs_manager.go.45] job sdnList is running
2025-07-03 16:46:38 [INFO] [logger.go.130] [github.com/watchman1989/steez/jobs.(*SdnListJob).Run] [jobs_manager.go.92] sdn list job run start at 2025-07-03 16:46:38
2025-07-03 16:46:38 [INFO] [logger.go.130] [github.com/watchman1989/steez/jobs.(*SdnListJob).Run] [jobs_manager.go.94] sdn list job run end at 2025-07-03 16:46:38
2025-07-03 16:46:48 [INFO] [logger.go.130] [github.com/watchman1989/steez/jobs.(*JobManager).run] [jobs_manager.go.45] job sdnList is running
2025-07-03 16:46:48 [INFO] [logger.go.130] [github.com/watchman1989/steez/jobs.(*SdnListJob).Run] [jobs_manager.go.92] sdn list job run start at 2025-07-03 16:46:48
2025-07-03 16:46:48 [INFO] [logger.go.130] [github.com/watchman1989/steez/jobs.(*SdnListJob).Run] [jobs_manager.go.94] sdn list job run end at 2025-07-03 16:46:48
2025-07-03 16:46:58 [INFO] [logger.go.130] [github.com/watchman1989/steez/jobs.(*JobManager).run] [jobs_manager.go.45] job sdnList is running
2025-07-03 16:46:58 [INFO] [logger.go.130] [github.com/watchman1989/steez/jobs.(*SdnListJob).Run] [jobs_manager.go.92] sdn list job run start at 2025-07-03 16:46:58
2025-07-03 16:46:58 [INFO] [logger.go.130] [github.com/watchman1989/steez/jobs.(*SdnListJob).Run] [jobs_manager.go.94] sdn list job run end at 2025-07-03 16:46:58
2025-07-03 16:47:08 [INFO] [logger.go.130] [github.com/watchman1989/steez/jobs.(*SdnListJob).Run] [jobs_manager.go.92] sdn list job run start at 2025-07-03 16:47:08
2025-07-03 16:47:08 [INFO] [logger.go.130] [github.com/watchman1989/steez/jobs.(*SdnListJob).Run] [jobs_manager.go.94] sdn list job run end at 2025-07-03 16:47:08
2025-07-03 16:47:08 [INFO] [logger.go.130] [github.com/watchman1989/steez/jobs.(*JobManager).run] [jobs_manager.go.45] job sdnList is running
2025-07-03 16:47:18 [INFO] [logger.go.130] [github.com/watchman1989/steez/jobs.(*SdnListJob).Run] [jobs_manager.go.92] sdn list job run start at 2025-07-03 16:47:18
2025-07-03 16:47:18 [INFO] [logger.go.130] [github.com/watchman1989/steez/jobs.(*SdnListJob).Run] [jobs_manager.go.94] sdn list job run end at 2025-07-03 16:47:18
2025-07-03 16:47:18 [INFO] [logger.go.130] [github.com/watchman1989/steez/jobs.(*JobManager).run] [jobs_manager.go.45] job sdnList is running
2025-07-03 16:47:28 [INFO] [logger.go.130] [github.com/watchman1989/steez/jobs.(*JobManager).run] [jobs_manager.go.45] job sdnList is running
2025-07-03 16:47:28 [INFO] [logger.go.130] [github.com/watchman1989/steez/jobs.(*SdnListJob).Run] [jobs_manager.go.92] sdn list job run start at 2025-07-03 16:47:28
2025-07-03 16:47:28 [INFO] [logger.go.130] [github.com/watchman1989/steez/jobs.(*SdnListJob).Run] [jobs_manager.go.94] sdn list job run end at 2025-07-03 16:47:28
2025-07-03 16:47:38 [INFO] [logger.go.130] [github.com/watchman1989/steez/jobs.(*SdnListJob).Run] [jobs_manager.go.92] sdn list job run start at 2025-07-03 16:47:38
2025-07-03 16:47:38 [INFO] [logger.go.130] [github.com/watchman1989/steez/jobs.(*SdnListJob).Run] [jobs_manager.go.94] sdn list job run end at 2025-07-03 16:47:38
2025-07-03 16:47:38 [INFO] [logger.go.130] [github.com/watchman1989/steez/jobs.(*JobManager).run] [jobs_manager.go.45] job sdnList is running
2025-07-03 16:47:48 [INFO] [logger.go.130] [github.com/watchman1989/steez/jobs.(*JobManager).run] [jobs_manager.go.45] job sdnList is running
2025-07-03 16:47:48 [INFO] [logger.go.130] [github.com/watchman1989/steez/jobs.(*SdnListJob).Run] [jobs_manager.go.92] sdn list job run start at 2025-07-03 16:47:48
2025-07-03 16:47:48 [INFO] [logger.go.130] [github.com/watchman1989/steez/jobs.(*SdnListJob).Run] [jobs_manager.go.94] sdn list job run end at 2025-07-03 16:47:48
2025-07-03 16:47:58 [INFO] [logger.go.130] [github.com/watchman1989/steez/jobs.(*JobManager).run] [jobs_manager.go.45] job sdnList is running
2025-07-03 16:47:58 [INFO] [logger.go.130] [github.com/watchman1989/steez/jobs.(*SdnListJob).Run] [jobs_manager.go.92] sdn list job run start at 2025-07-03 16:47:58
2025-07-03 16:47:58 [INFO] [logger.go.130] [github.com/watchman1989/steez/jobs.(*SdnListJob).Run] [jobs_manager.go.94] sdn list job run end at 2025-07-03 16:47:58
2025-07-03 16:48:08 [INFO] [logger.go.130] [github.com/watchman1989/steez/jobs.(*SdnListJob).Run] [jobs_manager.go.92] sdn list job run start at 2025-07-03 16:48:08
2025-07-03 16:48:08 [INFO] [logger.go.130] [github.com/watchman1989/steez/jobs.(*SdnListJob).Run] [jobs_manager.go.94] sdn list job run end at 2025-07-03 16:48:08
2025-07-03 16:48:08 [INFO] [logger.go.130] [github.com/watchman1989/steez/jobs.(*JobManager).run] [jobs_manager.go.45] job sdnList is running
2025-07-03 16:48:18 [INFO] [logger.go.130] [github.com/watchman1989/steez/jobs.(*JobManager).run] [jobs_manager.go.45] job sdnList is running
2025-07-03 16:48:18 [INFO] [logger.go.130] [github.com/watchman1989/steez/jobs.(*SdnListJob).Run] [jobs_manager.go.92] sdn list job run start at 2025-07-03 16:48:18
2025-07-03 16:48:18 [INFO] [logger.go.130] [github.com/watchman1989/steez/jobs.(*SdnListJob).Run] [jobs_manager.go.94] sdn list job run end at 2025-07-03 16:48:18
2025-07-03 16:48:28 [INFO] [logger.go.130] [github.com/watchman1989/steez/jobs.(*JobManager).run] [jobs_manager.go.45] job sdnList is running
2025-07-03 16:48:28 [INFO] [logger.go.130] [github.com/watchman1989/steez/jobs.(*SdnListJob).Run] [jobs_manager.go.92] sdn list job run start at 2025-07-03 16:48:28
2025-07-03 16:48:28 [INFO] [logger.go.130] [github.com/watchman1989/steez/jobs.(*SdnListJob).Run] [jobs_manager.go.94] sdn list job run end at 2025-07-03 16:48:28
2025-07-03 16:48:38 [INFO] [logger.go.130] [github.com/watchman1989/steez/jobs.(*JobManager).run] [jobs_manager.go.45] job sdnList is running
2025-07-03 16:48:38 [INFO] [logger.go.130] [github.com/watchman1989/steez/jobs.(*SdnListJob).Run] [jobs_manager.go.92] sdn list job run start at 2025-07-03 16:48:38
2025-07-03 16:48:38 [INFO] [logger.go.130] [github.com/watchman1989/steez/jobs.(*SdnListJob).Run] [jobs_manager.go.94] sdn list job run end at 2025-07-03 16:48:38
2025-07-03 16:48:48 [INFO] [logger.go.130] [github.com/watchman1989/steez/jobs.(*SdnListJob).Run] [jobs_manager.go.92] sdn list job run start at 2025-07-03 16:48:48
2025-07-03 16:48:48 [INFO] [logger.go.130] [github.com/watchman1989/steez/jobs.(*SdnListJob).Run] [jobs_manager.go.94] sdn list job run end at 2025-07-03 16:48:48
2025-07-03 16:48:48 [INFO] [logger.go.130] [github.com/watchman1989/steez/jobs.(*JobManager).run] [jobs_manager.go.45] job sdnList is running
2025-07-03 16:48:58 [INFO] [logger.go.130] [github.com/watchman1989/steez/jobs.(*SdnListJob).Run] [jobs_manager.go.92] sdn list job run start at 2025-07-03 16:48:58
2025-07-03 16:48:58 [INFO] [logger.go.130] [github.com/watchman1989/steez/jobs.(*SdnListJob).Run] [jobs_manager.go.94] sdn list job run end at 2025-07-03 16:48:58
2025-07-03 16:48:58 [INFO] [logger.go.130] [github.com/watchman1989/steez/jobs.(*JobManager).run] [jobs_manager.go.45] job sdnList is running
2025-07-03 16:49:08 [INFO] [logger.go.130] [github.com/watchman1989/steez/jobs.(*JobManager).run] [jobs_manager.go.45] job sdnList is running
2025-07-03 16:49:08 [INFO] [logger.go.130] [github.com/watchman1989/steez/jobs.(*SdnListJob).Run] [jobs_manager.go.92] sdn list job run start at 2025-07-03 16:49:08
2025-07-03 16:49:08 [INFO] [logger.go.130] [github.com/watchman1989/steez/jobs.(*SdnListJob).Run] [jobs_manager.go.94] sdn list job run end at 2025-07-03 16:49:08
2025-07-03 16:49:18 [INFO] [logger.go.130] [github.com/watchman1989/steez/jobs.(*SdnListJob).Run] [jobs_manager.go.92] sdn list job run start at 2025-07-03 16:49:18
2025-07-03 16:49:18 [INFO] [logger.go.130] [github.com/watchman1989/steez/jobs.(*JobManager).run] [jobs_manager.go.45] job sdnList is running
2025-07-03 16:49:18 [INFO] [logger.go.130] [github.com/watchman1989/steez/jobs.(*SdnListJob).Run] [jobs_manager.go.94] sdn list job run end at 2025-07-03 16:49:18
2025-07-03 16:49:28 [INFO] [logger.go.130] [github.com/watchman1989/steez/jobs.(*JobManager).run] [jobs_manager.go.45] job sdnList is running
2025-07-03 16:49:28 [INFO] [logger.go.130] [github.com/watchman1989/steez/jobs.(*SdnListJob).Run] [jobs_manager.go.92] sdn list job run start at 2025-07-03 16:49:28
2025-07-03 16:49:28 [INFO] [logger.go.130] [github.com/watchman1989/steez/jobs.(*SdnListJob).Run] [jobs_manager.go.94] sdn list job run end at 2025-07-03 16:49:28
2025-07-03 16:49:38 [INFO] [logger.go.130] [github.com/watchman1989/steez/jobs.(*JobManager).run] [jobs_manager.go.45] job sdnList is running
2025-07-03 16:49:38 [INFO] [logger.go.130] [github.com/watchman1989/steez/jobs.(*SdnListJob).Run] [jobs_manager.go.92] sdn list job run start at 2025-07-03 16:49:38
2025-07-03 16:49:38 [INFO] [logger.go.130] [github.com/watchman1989/steez/jobs.(*SdnListJob).Run] [jobs_manager.go.94] sdn list job run end at 2025-07-03 16:49:38
2025-07-03 16:49:48 [INFO] [logger.go.130] [github.com/watchman1989/steez/jobs.(*SdnListJob).Run] [jobs_manager.go.92] sdn list job run start at 2025-07-03 16:49:48
2025-07-03 16:49:48 [INFO] [logger.go.130] [github.com/watchman1989/steez/jobs.(*SdnListJob).Run] [jobs_manager.go.94] sdn list job run end at 2025-07-03 16:49:48
2025-07-03 16:49:48 [INFO] [logger.go.130] [github.com/watchman1989/steez/jobs.(*JobManager).run] [jobs_manager.go.45] job sdnList is running
2025-07-03 16:49:58 [INFO] [logger.go.130] [github.com/watchman1989/steez/jobs.(*JobManager).run] [jobs_manager.go.45] job sdnList is running
2025-07-03 16:49:58 [INFO] [logger.go.130] [github.com/watchman1989/steez/jobs.(*SdnListJob).Run] [jobs_manager.go.92] sdn list job run start at 2025-07-03 16:49:58
2025-07-03 16:49:58 [INFO] [logger.go.130] [github.com/watchman1989/steez/jobs.(*SdnListJob).Run] [jobs_manager.go.94] sdn list job run end at 2025-07-03 16:49:58
2025-07-03 16:50:08 [INFO] [logger.go.130] [github.com/watchman1989/steez/jobs.(*JobManager).run] [jobs_manager.go.45] job sdnList is running
2025-07-03 16:50:08 [INFO] [logger.go.130] [github.com/watchman1989/steez/jobs.(*SdnListJob).Run] [jobs_manager.go.92] sdn list job run start at 2025-07-03 16:50:08
2025-07-03 16:50:08 [INFO] [logger.go.130] [github.com/watchman1989/steez/jobs.(*SdnListJob).Run] [jobs_manager.go.94] sdn list job run end at 2025-07-03 16:50:08
2025-07-03 16:50:18 [INFO] [logger.go.130] [github.com/watchman1989/steez/jobs.(*SdnListJob).Run] [jobs_manager.go.92] sdn list job run start at 2025-07-03 16:50:18
2025-07-03 16:50:18 [INFO] [logger.go.130] [github.com/watchman1989/steez/jobs.(*SdnListJob).Run] [jobs_manager.go.94] sdn list job run end at 2025-07-03 16:50:18
2025-07-03 16:50:18 [INFO] [logger.go.130] [github.com/watchman1989/steez/jobs.(*JobManager).run] [jobs_manager.go.45] job sdnList is running
2025-07-03 16:50:28 [INFO] [logger.go.130] [github.com/watchman1989/steez/jobs.(*SdnListJob).Run] [jobs_manager.go.92] sdn list job run start at 2025-07-03 16:50:28
2025-07-03 16:50:28 [INFO] [logger.go.130] [github.com/watchman1989/steez/jobs.(*SdnListJob).Run] [jobs_manager.go.94] sdn list job run end at 2025-07-03 16:50:28
2025-07-03 16:50:28 [INFO] [logger.go.130] [github.com/watchman1989/steez/jobs.(*JobManager).run] [jobs_manager.go.45] job sdnList is running
2025-07-03 16:50:38 [INFO] [logger.go.130] [github.com/watchman1989/steez/jobs.(*JobManager).run] [jobs_manager.go.45] job sdnList is running
2025-07-03 16:50:38 [INFO] [logger.go.130] [github.com/watchman1989/steez/jobs.(*SdnListJob).Run] [jobs_manager.go.92] sdn list job run start at 2025-07-03 16:50:38
2025-07-03 16:50:38 [INFO] [logger.go.130] [github.com/watchman1989/steez/jobs.(*SdnListJob).Run] [jobs_manager.go.94] sdn list job run end at 2025-07-03 16:50:38
2025-07-03 16:50:48 [INFO] [logger.go.130] [github.com/watchman1989/steez/jobs.(*JobManager).run] [jobs_manager.go.45] job sdnList is running
2025-07-03 16:50:48 [INFO] [logger.go.130] [github.com/watchman1989/steez/jobs.(*SdnListJob).Run] [jobs_manager.go.92] sdn list job run start at 2025-07-03 16:50:48
2025-07-03 16:50:48 [INFO] [logger.go.130] [github.com/watchman1989/steez/jobs.(*SdnListJob).Run] [jobs_manager.go.94] sdn list job run end at 2025-07-03 16:50:48
2025-07-03 16:50:58 [INFO] [logger.go.130] [github.com/watchman1989/steez/jobs.(*JobManager).run] [jobs_manager.go.45] job sdnList is running
2025-07-03 16:50:58 [INFO] [logger.go.130] [github.com/watchman1989/steez/jobs.(*SdnListJob).Run] [jobs_manager.go.92] sdn list job run start at 2025-07-03 16:50:58
2025-07-03 16:50:58 [INFO] [logger.go.130] [github.com/watchman1989/steez/jobs.(*SdnListJob).Run] [jobs_manager.go.94] sdn list job run end at 2025-07-03 16:50:58
2025-07-03 16:51:08 [INFO] [logger.go.130] [github.com/watchman1989/steez/jobs.(*SdnListJob).Run] [jobs_manager.go.92] sdn list job run start at 2025-07-03 16:51:08
2025-07-03 16:51:08 [INFO] [logger.go.130] [github.com/watchman1989/steez/jobs.(*SdnListJob).Run] [jobs_manager.go.94] sdn list job run end at 2025-07-03 16:51:08
2025-07-03 16:51:08 [INFO] [logger.go.130] [github.com/watchman1989/steez/jobs.(*JobManager).run] [jobs_manager.go.45] job sdnList is running
2025-07-03 16:51:18 [INFO] [logger.go.130] [github.com/watchman1989/steez/jobs.(*JobManager).run] [jobs_manager.go.45] job sdnList is running
2025-07-03 16:51:18 [INFO] [logger.go.130] [github.com/watchman1989/steez/jobs.(*SdnListJob).Run] [jobs_manager.go.92] sdn list job run start at 2025-07-03 16:51:18
2025-07-03 16:51:18 [INFO] [logger.go.130] [github.com/watchman1989/steez/jobs.(*SdnListJob).Run] [jobs_manager.go.94] sdn list job run end at 2025-07-03 16:51:18
2025-07-03 16:51:28 [INFO] [logger.go.130] [github.com/watchman1989/steez/jobs.(*JobManager).run] [jobs_manager.go.45] job sdnList is running
2025-07-03 16:51:28 [INFO] [logger.go.130] [github.com/watchman1989/steez/jobs.(*SdnListJob).Run] [jobs_manager.go.92] sdn list job run start at 2025-07-03 16:51:28
2025-07-03 16:51:28 [INFO] [logger.go.130] [github.com/watchman1989/steez/jobs.(*SdnListJob).Run] [jobs_manager.go.94] sdn list job run end at 2025-07-03 16:51:28
2025-07-03 16:51:38 [INFO] [logger.go.130] [github.com/watchman1989/steez/jobs.(*SdnListJob).Run] [jobs_manager.go.92] sdn list job run start at 2025-07-03 16:51:38
2025-07-03 16:51:38 [INFO] [logger.go.130] [github.com/watchman1989/steez/jobs.(*SdnListJob).Run] [jobs_manager.go.94] sdn list job run end at 2025-07-03 16:51:38
2025-07-03 16:51:38 [INFO] [logger.go.130] [github.com/watchman1989/steez/jobs.(*JobManager).run] [jobs_manager.go.45] job sdnList is running
2025-07-03 16:51:48 [INFO] [logger.go.130] [github.com/watchman1989/steez/jobs.(*JobManager).run] [jobs_manager.go.45] job sdnList is running
2025-07-03 16:51:48 [INFO] [logger.go.130] [github.com/watchman1989/steez/jobs.(*SdnListJob).Run] [jobs_manager.go.92] sdn list job run start at 2025-07-03 16:51:48
2025-07-03 16:51:48 [INFO] [logger.go.130] [github.com/watchman1989/steez/jobs.(*SdnListJob).Run] [jobs_manager.go.94] sdn list job run end at 2025-07-03 16:51:48
2025-07-03 16:51:58 [INFO] [logger.go.130] [github.com/watchman1989/steez/jobs.(*JobManager).run] [jobs_manager.go.45] job sdnList is running
2025-07-03 16:51:58 [INFO] [logger.go.130] [github.com/watchman1989/steez/jobs.(*SdnListJob).Run] [jobs_manager.go.92] sdn list job run start at 2025-07-03 16:51:58
2025-07-03 16:51:58 [INFO] [logger.go.130] [github.com/watchman1989/steez/jobs.(*SdnListJob).Run] [jobs_manager.go.94] sdn list job run end at 2025-07-03 16:51:58
2025-07-03 16:52:08 [INFO] [logger.go.130] [github.com/watchman1989/steez/jobs.(*JobManager).run] [jobs_manager.go.45] job sdnList is running
2025-07-03 16:52:08 [INFO] [logger.go.130] [github.com/watchman1989/steez/jobs.(*SdnListJob).Run] [jobs_manager.go.92] sdn list job run start at 2025-07-03 16:52:08
2025-07-03 16:52:08 [INFO] [logger.go.130] [github.com/watchman1989/steez/jobs.(*SdnListJob).Run] [jobs_manager.go.94] sdn list job run end at 2025-07-03 16:52:08
2025-07-03 16:52:18 [INFO] [logger.go.130] [github.com/watchman1989/steez/jobs.(*SdnListJob).Run] [jobs_manager.go.92] sdn list job run start at 2025-07-03 16:52:18
2025-07-03 16:52:18 [INFO] [logger.go.130] [github.com/watchman1989/steez/jobs.(*SdnListJob).Run] [jobs_manager.go.94] sdn list job run end at 2025-07-03 16:52:18
2025-07-03 16:52:18 [INFO] [logger.go.130] [github.com/watchman1989/steez/jobs.(*JobManager).run] [jobs_manager.go.45] job sdnList is running
2025-07-03 16:52:28 [INFO] [logger.go.130] [github.com/watchman1989/steez/jobs.(*JobManager).run] [jobs_manager.go.45] job sdnList is running
2025-07-03 16:52:28 [INFO] [logger.go.130] [github.com/watchman1989/steez/jobs.(*SdnListJob).Run] [jobs_manager.go.92] sdn list job run start at 2025-07-03 16:52:28
2025-07-03 16:52:28 [INFO] [logger.go.130] [github.com/watchman1989/steez/jobs.(*SdnListJob).Run] [jobs_manager.go.94] sdn list job run end at 2025-07-03 16:52:28
2025-07-03 16:52:38 [INFO] [logger.go.130] [github.com/watchman1989/steez/jobs.(*JobManager).run] [jobs_manager.go.45] job sdnList is running
2025-07-03 16:52:38 [INFO] [logger.go.130] [github.com/watchman1989/steez/jobs.(*SdnListJob).Run] [jobs_manager.go.92] sdn list job run start at 2025-07-03 16:52:38
2025-07-03 16:52:38 [INFO] [logger.go.130] [github.com/watchman1989/steez/jobs.(*SdnListJob).Run] [jobs_manager.go.94] sdn list job run end at 2025-07-03 16:52:38
2025-07-03 16:52:48 [INFO] [logger.go.130] [github.com/watchman1989/steez/jobs.(*SdnListJob).Run] [jobs_manager.go.92] sdn list job run start at 2025-07-03 16:52:48
2025-07-03 16:52:48 [INFO] [logger.go.130] [github.com/watchman1989/steez/jobs.(*SdnListJob).Run] [jobs_manager.go.94] sdn list job run end at 2025-07-03 16:52:48
2025-07-03 16:52:48 [INFO] [logger.go.130] [github.com/watchman1989/steez/jobs.(*JobManager).run] [jobs_manager.go.45] job sdnList is running
2025-07-03 16:52:58 [INFO] [logger.go.130] [github.com/watchman1989/steez/jobs.(*JobManager).run] [jobs_manager.go.45] job sdnList is running
2025-07-03 16:52:58 [INFO] [logger.go.130] [github.com/watchman1989/steez/jobs.(*SdnListJob).Run] [jobs_manager.go.92] sdn list job run start at 2025-07-03 16:52:58
2025-07-03 16:52:58 [INFO] [logger.go.130] [github.com/watchman1989/steez/jobs.(*SdnListJob).Run] [jobs_manager.go.94] sdn list job run end at 2025-07-03 16:52:58
2025-07-03 16:53:08 [INFO] [logger.go.130] [github.com/watchman1989/steez/jobs.(*SdnListJob).Run] [jobs_manager.go.92] sdn list job run start at 2025-07-03 16:53:08
2025-07-03 16:53:08 [INFO] [logger.go.130] [github.com/watchman1989/steez/jobs.(*JobManager).run] [jobs_manager.go.45] job sdnList is running
2025-07-03 16:53:08 [INFO] [logger.go.130] [github.com/watchman1989/steez/jobs.(*SdnListJob).Run] [jobs_manager.go.94] sdn list job run end at 2025-07-03 16:53:08
2025-07-03 16:53:18 [INFO] [logger.go.130] [github.com/watchman1989/steez/jobs.(*SdnListJob).Run] [jobs_manager.go.92] sdn list job run start at 2025-07-03 16:53:18
2025-07-03 16:53:18 [INFO] [logger.go.130] [github.com/watchman1989/steez/jobs.(*SdnListJob).Run] [jobs_manager.go.94] sdn list job run end at 2025-07-03 16:53:18
2025-07-03 16:53:18 [INFO] [logger.go.130] [github.com/watchman1989/steez/jobs.(*JobManager).run] [jobs_manager.go.45] job sdnList is running
2025-07-03 16:53:28 [INFO] [logger.go.130] [github.com/watchman1989/steez/jobs.(*SdnListJob).Run] [jobs_manager.go.92] sdn list job run start at 2025-07-03 16:53:28
2025-07-03 16:53:28 [INFO] [logger.go.130] [github.com/watchman1989/steez/jobs.(*SdnListJob).Run] [jobs_manager.go.94] sdn list job run end at 2025-07-03 16:53:28
2025-07-03 16:53:28 [INFO] [logger.go.130] [github.com/watchman1989/steez/jobs.(*JobManager).run] [jobs_manager.go.45] job sdnList is running
